[debug] [2023-07-08T17:46:48.956Z] ----------------------------------------------------------------------
[debug] [2023-07-08T17:46:48.961Z] Command:       C:\Program Files\nodejs\node.exe C:\Users\audai\AppData\Roaming\npm\node_modules\firebase-tools\lib\bin\firebase.js init
[debug] [2023-07-08T17:46:48.962Z] CLI Version:   12.4.3
[debug] [2023-07-08T17:46:48.963Z] Platform:      win32
[debug] [2023-07-08T17:46:48.963Z] Node Version:  v18.15.0
[debug] [2023-07-08T17:46:48.967Z] Time:          Sat Jul 08 2023 20:46:48 GMT+0300 (GMT+03:00)
[debug] [2023-07-08T17:46:48.967Z] ----------------------------------------------------------------------
[debug] 
[debug] [2023-07-08T17:46:48.977Z] >>> [apiv2][query] GET https://firebase-public.firebaseio.com/cli.json [none]
[debug] [2023-07-08T17:46:49.135Z] > command requires scopes: ["email","openid","https://www.googleapis.com/auth/cloudplatformprojects.readonly","https://www.googleapis.com/auth/firebase","https://www.googleapis.com/auth/cloud-platform"]
[debug] [2023-07-08T17:46:49.136Z] > authorizing via signed-in user (audaisam5@gmail.com)
[info] 
     ######## #### ########  ######## ########     ###     ######  ########
     ##        ##  ##     ## ##       ##     ##  ##   ##  ##       ##
     ######    ##  ########  ######   ########  #########  ######  ######
     ##        ##  ##    ##  ##       ##     ## ##     ##       ## ##
     ##       #### ##     ## ######## ########  ##     ##  ######  ########

You're about to initialize a Firebase project in this directory:

  D:\My_Projects\Angular_Projects\project1\docs

[warn] !  Unable to fetch the CLI MOTD and remote config. 
[debug] [2023-07-08T17:46:49.390Z] Failed to fetch MOTD FirebaseError: Failed to make request to https://firebase-public.firebaseio.com/cli.json
[info] 
=== Project Setup
[info] 
[info] First, let's associate this project directory with a Firebase project.
[info] You can create multiple project aliases by running firebase use --add, 
[info] but for now we'll just set up a default project.
[info] 
[debug] [2023-07-08T17:49:19.724Z] >>> [apiv2][query] GET https://firebase.googleapis.com/v1beta1/projects pageSize=100
[debug] [2023-07-08T17:49:20.314Z] <<< [apiv2][status] GET https://firebase.googleapis.com/v1beta1/projects 403
[debug] [2023-07-08T17:49:20.315Z] <<< [apiv2][body] GET https://firebase.googleapis.com/v1beta1/projects [omitted]
[debug] [2023-07-08T17:49:20.315Z] Unable to parse JSON: SyntaxError: Unexpected token < in JSON at position 0
[debug] [2023-07-08T17:49:20.765Z] FirebaseError: Unable to parse JSON: SyntaxError: Unexpected token < in JSON at position 0
    at RetryOperation._fn (C:\Users\audai\AppData\Roaming\npm\node_modules\firebase-tools\lib\apiv2.js:260:39)
    at process.processTicksAndRejections (node:internal/process/task_queues:95:5)
